{"/Users/growlt296/AIDD-todo-app/backend/src/rbac/rbac.registry.ts": {"path":"/Users/growlt296/AIDD-todo-app/backend/src/rbac/rbac.registry.ts","statementMap":{"0":{"start":{"line":43,"column":0},"end":{"line":43,"column":16}},"1":{"start":{"line":76,"column":0},"end":{"line":76,"column":16}},"2":{"start":{"line":83,"column":0},"end":{"line":83,"column":16}},"3":{"start":{"line":8,"column":2},"end":{"line":8,"column":67}},"4":{"start":{"line":11,"column":13},"end":{"line":40,"column":11}},"5":{"start":{"line":44,"column":2},"end":{"line":72,"column":4}},"6":{"start":{"line":77,"column":2},"end":{"line":77,"column":67}},"7":{"start":{"line":84,"column":2},"end":{"line":84,"column":72}}},"fnMap":{"0":{"name":"getAllPermissionCodes","decl":{"start":{"line":43,"column":16},"end":{"line":43,"column":37}},"loc":{"start":{"line":43,"column":37},"end":{"line":73,"column":1}}},"1":{"name":"getAllPermissionCodesWithWildcards","decl":{"start":{"line":76,"column":16},"end":{"line":76,"column":50}},"loc":{"start":{"line":76,"column":50},"end":{"line":78,"column":1}}},"2":{"name":"isValidPermissionCode","decl":{"start":{"line":83,"column":16},"end":{"line":83,"column":37}},"loc":{"start":{"line":83,"column":50},"end":{"line":85,"column":1}}}},"branchMap":{"0":{"loc":{"start":{"line":84,"column":9},"end":{"line":84,"column":71}},"type":"binary-expr","locations":[{"start":{"line":84,"column":9},"end":{"line":84,"column":33}},{"start":{"line":84,"column":37},"end":{"line":84,"column":71}}]}},"s":{"0":2,"1":2,"2":2,"3":2,"4":2,"5":8,"6":3,"7":20},"f":{"0":8,"1":3,"2":20},"b":{"0":[20,17]}}
,"/Users/growlt296/AIDD-todo-app/backend/src/rbac/rbac.service.ts": {"path":"/Users/growlt296/AIDD-todo-app/backend/src/rbac/rbac.service.ts","statementMap":{"0":{"start":{"line":1,"column":0},"end":{"line":1,"column":62}},"1":{"start":{"line":2,"column":0},"end":{"line":2,"column":47}},"2":{"start":{"line":3,"column":0},"end":{"line":3,"column":40}},"3":{"start":{"line":4,"column":0},"end":{"line":4,"column":59}},"4":{"start":{"line":5,"column":0},"end":{"line":5,"column":77}},"5":{"start":{"line":6,"column":0},"end":{"line":6,"column":72}},"6":{"start":{"line":7,"column":0},"end":{"line":7,"column":56}},"7":{"start":{"line":8,"column":0},"end":{"line":8,"column":59}},"8":{"start":{"line":9,"column":0},"end":{"line":9,"column":44}},"9":{"start":{"line":10,"column":0},"end":{"line":10,"column":56}},"10":{"start":{"line":11,"column":0},"end":{"line":11,"column":54}},"11":{"start":{"line":32,"column":18},"end":{"line":32,"column":21}},"12":{"start":{"line":34,"column":13},"end":{"line":34,"column":41}},"13":{"start":{"line":37,"column":7},"end":{"line":396,"column":null}},"14":{"start":{"line":39,"column":36},"end":{"line":39,"column":47}},"15":{"start":{"line":40,"column":42},"end":{"line":40,"column":59}},"16":{"start":{"line":41,"column":40},"end":{"line":41,"column":55}},"17":{"start":{"line":42,"column":45},"end":{"line":42,"column":57}},"18":{"start":{"line":45,"column":4},"end":{"line":45,"column":31}},"19":{"start":{"line":47,"column":31},"end":{"line":47,"column":33}},"20":{"start":{"line":51,"column":17},"end":{"line":51,"column":44}},"21":{"start":{"line":52,"column":18},"end":{"line":52,"column":68}},"22":{"start":{"line":53,"column":17},"end":{"line":53,"column":35}},"23":{"start":{"line":54,"column":4},"end":{"line":54,"column":75}},"24":{"start":{"line":58,"column":17},"end":{"line":58,"column":37}},"25":{"start":{"line":59,"column":4},"end":{"line":61,"column":5}},"26":{"start":{"line":60,"column":6},"end":{"line":60,"column":114}},"27":{"start":{"line":62,"column":21},"end":{"line":62,"column":66}},"28":{"start":{"line":63,"column":4},"end":{"line":65,"column":5}},"29":{"start":{"line":64,"column":6},"end":{"line":64,"column":106}},"30":{"start":{"line":66,"column":17},"end":{"line":66,"column":102}},"31":{"start":{"line":67,"column":4},"end":{"line":67,"column":32}},"32":{"start":{"line":71,"column":4},"end":{"line":73,"column":5}},"33":{"start":{"line":72,"column":6},"end":{"line":72,"column":98}},"34":{"start":{"line":74,"column":17},"end":{"line":77,"column":13}},"35":{"start":{"line":78,"column":4},"end":{"line":80,"column":5}},"36":{"start":{"line":79,"column":6},"end":{"line":79,"column":98}},"37":{"start":{"line":81,"column":4},"end":{"line":81,"column":32}},"38":{"start":{"line":85,"column":42},"end":{"line":85,"column":73}},"39":{"start":{"line":86,"column":44},"end":{"line":86,"column":46}},"40":{"start":{"line":87,"column":4},"end":{"line":90,"column":5}},"41":{"start":{"line":88,"column":22},"end":{"line":88,"column":44}},"42":{"start":{"line":89,"column":6},"end":{"line":89,"column":55}},"43":{"start":{"line":91,"column":26},"end":{"line":100,"column":6}},"44":{"start":{"line":101,"column":4},"end":{"line":101,"column":64}},"45":{"start":{"line":108,"column":17},"end":{"line":108,"column":57}},"46":{"start":{"line":109,"column":4},"end":{"line":111,"column":5}},"47":{"start":{"line":110,"column":6},"end":{"line":110,"column":98}},"48":{"start":{"line":112,"column":4},"end":{"line":122,"column":5}},"49":{"start":{"line":113,"column":19},"end":{"line":113,"column":39}},"50":{"start":{"line":114,"column":6},"end":{"line":116,"column":7}},"51":{"start":{"line":115,"column":8},"end":{"line":115,"column":120}},"52":{"start":{"line":117,"column":23},"end":{"line":117,"column":86}},"53":{"start":{"line":118,"column":6},"end":{"line":120,"column":7}},"54":{"start":{"line":119,"column":8},"end":{"line":119,"column":107}},"55":{"start":{"line":121,"column":6},"end":{"line":121,"column":23}},"56":{"start":{"line":123,"column":4},"end":{"line":125,"column":5}},"57":{"start":{"line":124,"column":6},"end":{"line":124,"column":59}},"58":{"start":{"line":126,"column":4},"end":{"line":131,"column":5}},"59":{"start":{"line":127,"column":6},"end":{"line":127,"column":116}},"60":{"start":{"line":128,"column":6},"end":{"line":128,"column":28}},"61":{"start":{"line":129,"column":11},"end":{"line":131,"column":5}},"62":{"start":{"line":130,"column":6},"end":{"line":130,"column":29}},"63":{"start":{"line":132,"column":4},"end":{"line":132,"column":22}},"64":{"start":{"line":133,"column":4},"end":{"line":133,"column":32}},"65":{"start":{"line":137,"column":17},"end":{"line":137,"column":57}},"66":{"start":{"line":138,"column":4},"end":{"line":140,"column":5}},"67":{"start":{"line":139,"column":6},"end":{"line":139,"column":98}},"68":{"start":{"line":141,"column":4},"end":{"line":147,"column":5}},"69":{"start":{"line":142,"column":6},"end":{"line":146,"column":8}},"70":{"start":{"line":148,"column":4},"end":{"line":148,"column":69}},"71":{"start":{"line":149,"column":4},"end":{"line":149,"column":54}},"72":{"start":{"line":150,"column":4},"end":{"line":152,"column":6}},"73":{"start":{"line":151,"column":6},"end":{"line":151,"column":65}},"74":{"start":{"line":156,"column":42},"end":{"line":156,"column":73}},"75":{"start":{"line":157,"column":44},"end":{"line":157,"column":46}},"76":{"start":{"line":158,"column":4},"end":{"line":161,"column":5}},"77":{"start":{"line":159,"column":22},"end":{"line":159,"column":44}},"78":{"start":{"line":160,"column":6},"end":{"line":160,"column":55}},"79":{"start":{"line":162,"column":26},"end":{"line":171,"column":6}},"80":{"start":{"line":172,"column":4},"end":{"line":172,"column":70}},"81":{"start":{"line":176,"column":4},"end":{"line":176,"column":108}},"82":{"start":{"line":180,"column":4},"end":{"line":186,"column":5}},"83":{"start":{"line":181,"column":6},"end":{"line":185,"column":8}},"84":{"start":{"line":187,"column":23},"end":{"line":187,"column":76}},"85":{"start":{"line":188,"column":4},"end":{"line":190,"column":5}},"86":{"start":{"line":189,"column":6},"end":{"line":189,"column":104}},"87":{"start":{"line":191,"column":17},"end":{"line":191,"column":61}},"88":{"start":{"line":192,"column":4},"end":{"line":194,"column":5}},"89":{"start":{"line":193,"column":6},"end":{"line":193,"column":98}},"90":{"start":{"line":195,"column":4},"end":{"line":197,"column":14}},"91":{"start":{"line":198,"column":4},"end":{"line":200,"column":6}},"92":{"start":{"line":199,"column":6},"end":{"line":199,"column":74}},"93":{"start":{"line":201,"column":4},"end":{"line":201,"column":36}},"94":{"start":{"line":205,"column":17},"end":{"line":205,"column":61}},"95":{"start":{"line":206,"column":4},"end":{"line":208,"column":5}},"96":{"start":{"line":207,"column":6},"end":{"line":207,"column":98}},"97":{"start":{"line":209,"column":19},"end":{"line":209,"column":51}},"98":{"start":{"line":210,"column":4},"end":{"line":212,"column":5}},"99":{"start":{"line":210,"column":39},"end":{"line":210,"column":74}},"100":{"start":{"line":211,"column":6},"end":{"line":211,"column":113}},"101":{"start":{"line":213,"column":4},"end":{"line":213,"column":94}},"102":{"start":{"line":214,"column":4},"end":{"line":216,"column":6}},"103":{"start":{"line":215,"column":6},"end":{"line":215,"column":79}},"104":{"start":{"line":220,"column":4},"end":{"line":222,"column":5}},"105":{"start":{"line":221,"column":6},"end":{"line":221,"column":112}},"106":{"start":{"line":223,"column":16},"end":{"line":223,"column":29}},"107":{"start":{"line":224,"column":4},"end":{"line":229,"column":5}},"108":{"start":{"line":225,"column":21},"end":{"line":225,"column":63}},"109":{"start":{"line":226,"column":6},"end":{"line":228,"column":7}},"110":{"start":{"line":227,"column":8},"end":{"line":227,"column":100}},"111":{"start":{"line":230,"column":17},"end":{"line":230,"column":61}},"112":{"start":{"line":231,"column":4},"end":{"line":233,"column":5}},"113":{"start":{"line":232,"column":6},"end":{"line":232,"column":98}},"114":{"start":{"line":234,"column":4},"end":{"line":238,"column":6}},"115":{"start":{"line":239,"column":4},"end":{"line":241,"column":6}},"116":{"start":{"line":240,"column":6},"end":{"line":240,"column":71}},"117":{"start":{"line":245,"column":17},"end":{"line":245,"column":61}},"118":{"start":{"line":246,"column":4},"end":{"line":248,"column":5}},"119":{"start":{"line":247,"column":6},"end":{"line":247,"column":98}},"120":{"start":{"line":249,"column":20},"end":{"line":249,"column":113}},"121":{"start":{"line":250,"column":4},"end":{"line":252,"column":5}},"122":{"start":{"line":251,"column":6},"end":{"line":251,"column":114}},"123":{"start":{"line":253,"column":4},"end":{"line":255,"column":6}},"124":{"start":{"line":254,"column":6},"end":{"line":254,"column":73}},"125":{"start":{"line":259,"column":22},"end":{"line":263,"column":13}},"126":{"start":{"line":264,"column":18},"end":{"line":266,"column":50}},"127":{"start":{"line":265,"column":20},"end":{"line":265,"column":69}},"128":{"start":{"line":266,"column":40},"end":{"line":266,"column":49}},"129":{"start":{"line":267,"column":4},"end":{"line":267,"column":17}},"130":{"start":{"line":271,"column":18},"end":{"line":271,"column":49}},"131":{"start":{"line":272,"column":26},"end":{"line":272,"column":51}},"132":{"start":{"line":273,"column":4},"end":{"line":281,"column":5}},"133":{"start":{"line":274,"column":6},"end":{"line":280,"column":7}},"134":{"start":{"line":276,"column":19},"end":{"line":278,"column":33}},"135":{"start":{"line":279,"column":8},"end":{"line":279,"column":30}},"136":{"start":{"line":282,"column":4},"end":{"line":282,"column":44}},"137":{"start":{"line":282,"column":34},"end":{"line":282,"column":44}},"138":{"start":{"line":283,"column":24},"end":{"line":283,"column":107}},"139":{"start":{"line":284,"column":18},"end":{"line":284,"column":60}},"140":{"start":{"line":284,"column":41},"end":{"line":284,"column":47}},"141":{"start":{"line":285,"column":4},"end":{"line":285,"column":31}},"142":{"start":{"line":290,"column":4},"end":{"line":292,"column":5}},"143":{"start":{"line":291,"column":6},"end":{"line":291,"column":98}},"144":{"start":{"line":293,"column":17},"end":{"line":293,"column":61}},"145":{"start":{"line":294,"column":4},"end":{"line":296,"column":5}},"146":{"start":{"line":295,"column":6},"end":{"line":295,"column":98}},"147":{"start":{"line":297,"column":17},"end":{"line":297,"column":99}},"148":{"start":{"line":298,"column":4},"end":{"line":298,"column":53}},"149":{"start":{"line":298,"column":29},"end":{"line":298,"column":50}},"150":{"start":{"line":303,"column":4},"end":{"line":303,"column":94}},"151":{"start":{"line":315,"column":4},"end":{"line":321,"column":5}},"152":{"start":{"line":316,"column":6},"end":{"line":320,"column":8}},"153":{"start":{"line":322,"column":24},"end":{"line":322,"column":51}},"154":{"start":{"line":323,"column":4},"end":{"line":329,"column":5}},"155":{"start":{"line":324,"column":6},"end":{"line":328,"column":8}},"156":{"start":{"line":330,"column":22},"end":{"line":330,"column":74}},"157":{"start":{"line":331,"column":26},"end":{"line":331,"column":76}},"158":{"start":{"line":332,"column":20},"end":{"line":332,"column":42}},"159":{"start":{"line":333,"column":20},"end":{"line":333,"column":21}},"160":{"start":{"line":334,"column":21},"end":{"line":334,"column":22}},"161":{"start":{"line":335,"column":23},"end":{"line":335,"column":61}},"162":{"start":{"line":335,"column":39},"end":{"line":335,"column":61}},"163":{"start":{"line":336,"column":4},"end":{"line":363,"column":5}},"164":{"start":{"line":337,"column":23},"end":{"line":337,"column":84}},"165":{"start":{"line":338,"column":20},"end":{"line":343,"column":15}},"166":{"start":{"line":344,"column":6},"end":{"line":344,"column":36}},"167":{"start":{"line":344,"column":30},"end":{"line":344,"column":36}},"168":{"start":{"line":345,"column":18},"end":{"line":358,"column":9}},"169":{"start":{"line":345,"column":61},"end":{"line":358,"column":8}},"170":{"start":{"line":359,"column":21},"end":{"line":359,"column":89}},"171":{"start":{"line":360,"column":6},"end":{"line":360,"column":46}},"172":{"start":{"line":361,"column":6},"end":{"line":361,"column":32}},"173":{"start":{"line":362,"column":6},"end":{"line":362,"column":75}},"174":{"start":{"line":364,"column":4},"end":{"line":364,"column":46}},"175":{"start":{"line":368,"column":4},"end":{"line":371,"column":5}},"176":{"start":{"line":370,"column":6},"end":{"line":370,"column":42}},"177":{"start":{"line":375,"column":19},"end":{"line":375,"column":42}},"178":{"start":{"line":376,"column":4},"end":{"line":376,"column":24}},"179":{"start":{"line":376,"column":17},"end":{"line":376,"column":24}},"180":{"start":{"line":377,"column":4},"end":{"line":381,"column":5}},"181":{"start":{"line":378,"column":6},"end":{"line":378,"column":53}},"182":{"start":{"line":385,"column":19},"end":{"line":385,"column":42}},"183":{"start":{"line":386,"column":4},"end":{"line":386,"column":24}},"184":{"start":{"line":386,"column":17},"end":{"line":386,"column":24}},"185":{"start":{"line":387,"column":4},"end":{"line":394,"column":5}},"186":{"start":{"line":388,"column":24},"end":{"line":388,"column":96}},"187":{"start":{"line":389,"column":6},"end":{"line":391,"column":7}},"188":{"start":{"line":390,"column":8},"end":{"line":390,"column":58}},"189":{"start":{"line":37,"column":13},"end":{"line":37,"column":24}},"190":{"start":{"line":37,"column":13},"end":{"line":396,"column":null}}},"fnMap":{"0":{"name":"(anonymous_4)","decl":{"start":{"line":38,"column":2},"end":{"line":38,"column":null}},"loc":{"start":{"line":43,"column":60},"end":{"line":46,"column":3}}},"1":{"name":"(anonymous_5)","decl":{"start":{"line":50,"column":10},"end":{"line":50,"column":30}},"loc":{"start":{"line":50,"column":48},"end":{"line":55,"column":3}}},"2":{"name":"(anonymous_6)","decl":{"start":{"line":57,"column":2},"end":{"line":57,"column":7}},"loc":{"start":{"line":57,"column":66},"end":{"line":68,"column":3}}},"3":{"name":"(anonymous_7)","decl":{"start":{"line":70,"column":2},"end":{"line":70,"column":7}},"loc":{"start":{"line":70,"column":30},"end":{"line":82,"column":3}}},"4":{"name":"(anonymous_8)","decl":{"start":{"line":84,"column":2},"end":{"line":84,"column":7}},"loc":{"start":{"line":84,"column":35},"end":{"line":102,"column":3}}},"5":{"name":"(anonymous_9)","decl":{"start":{"line":104,"column":2},"end":{"line":104,"column":7}},"loc":{"start":{"line":106,"column":73},"end":{"line":134,"column":3}}},"6":{"name":"(anonymous_10)","decl":{"start":{"line":136,"column":2},"end":{"line":136,"column":7}},"loc":{"start":{"line":136,"column":29},"end":{"line":153,"column":3}}},"7":{"name":"(anonymous_11)","decl":{"start":{"line":150,"column":57},"end":{"line":150,"column":58}},"loc":{"start":{"line":151,"column":6},"end":{"line":151,"column":65}}},"8":{"name":"(anonymous_12)","decl":{"start":{"line":155,"column":2},"end":{"line":155,"column":7}},"loc":{"start":{"line":155,"column":41},"end":{"line":173,"column":3}}},"9":{"name":"(anonymous_13)","decl":{"start":{"line":175,"column":2},"end":{"line":175,"column":21}},"loc":{"start":{"line":175,"column":34},"end":{"line":177,"column":3}}},"10":{"name":"(anonymous_14)","decl":{"start":{"line":179,"column":2},"end":{"line":179,"column":7}},"loc":{"start":{"line":179,"column":66},"end":{"line":202,"column":3}}},"11":{"name":"(anonymous_15)","decl":{"start":{"line":198,"column":67},"end":{"line":198,"column":68}},"loc":{"start":{"line":199,"column":6},"end":{"line":199,"column":74}}},"12":{"name":"(anonymous_16)","decl":{"start":{"line":204,"column":2},"end":{"line":204,"column":7}},"loc":{"start":{"line":204,"column":69},"end":{"line":217,"column":3}}},"13":{"name":"(anonymous_17)","decl":{"start":{"line":210,"column":31},"end":{"line":210,"column":32}},"loc":{"start":{"line":210,"column":39},"end":{"line":210,"column":74}}},"14":{"name":"(anonymous_18)","decl":{"start":{"line":214,"column":67},"end":{"line":214,"column":68}},"loc":{"start":{"line":215,"column":6},"end":{"line":215,"column":79}}},"15":{"name":"(anonymous_19)","decl":{"start":{"line":219,"column":2},"end":{"line":219,"column":7}},"loc":{"start":{"line":219,"column":55},"end":{"line":242,"column":3}}},"16":{"name":"(anonymous_20)","decl":{"start":{"line":239,"column":57},"end":{"line":239,"column":58}},"loc":{"start":{"line":240,"column":6},"end":{"line":240,"column":71}}},"17":{"name":"(anonymous_21)","decl":{"start":{"line":244,"column":2},"end":{"line":244,"column":7}},"loc":{"start":{"line":244,"column":57},"end":{"line":256,"column":3}}},"18":{"name":"(anonymous_22)","decl":{"start":{"line":253,"column":67},"end":{"line":253,"column":68}},"loc":{"start":{"line":254,"column":6},"end":{"line":254,"column":73}}},"19":{"name":"(anonymous_23)","decl":{"start":{"line":258,"column":2},"end":{"line":258,"column":7}},"loc":{"start":{"line":258,"column":35},"end":{"line":268,"column":3}}},"20":{"name":"(anonymous_24)","decl":{"start":{"line":265,"column":11},"end":{"line":265,"column":12}},"loc":{"start":{"line":265,"column":20},"end":{"line":265,"column":69}}},"21":{"name":"(anonymous_25)","decl":{"start":{"line":266,"column":14},"end":{"line":266,"column":15}},"loc":{"start":{"line":266,"column":40},"end":{"line":266,"column":49}}},"22":{"name":"(anonymous_26)","decl":{"start":{"line":270,"column":2},"end":{"line":270,"column":7}},"loc":{"start":{"line":270,"column":41},"end":{"line":286,"column":3}}},"23":{"name":"(anonymous_27)","decl":{"start":{"line":284,"column":34},"end":{"line":284,"column":35}},"loc":{"start":{"line":284,"column":41},"end":{"line":284,"column":47}}},"24":{"name":"(anonymous_28)","decl":{"start":{"line":289,"column":2},"end":{"line":289,"column":7}},"loc":{"start":{"line":289,"column":37},"end":{"line":299,"column":3}}},"25":{"name":"(anonymous_29)","decl":{"start":{"line":298,"column":20},"end":{"line":298,"column":21}},"loc":{"start":{"line":298,"column":29},"end":{"line":298,"column":50}}},"26":{"name":"(anonymous_30)","decl":{"start":{"line":302,"column":2},"end":{"line":302,"column":7}},"loc":{"start":{"line":302,"column":22},"end":{"line":304,"column":3}}},"27":{"name":"(anonymous_31)","decl":{"start":{"line":310,"column":2},"end":{"line":310,"column":7}},"loc":{"start":{"line":310,"column":64},"end":{"line":365,"column":3}}},"28":{"name":"(anonymous_32)","decl":{"start":{"line":335,"column":23},"end":{"line":335,"column":24}},"loc":{"start":{"line":335,"column":39},"end":{"line":335,"column":61}}},"29":{"name":"(anonymous_33)","decl":{"start":{"line":345,"column":28},"end":{"line":345,"column":29}},"loc":{"start":{"line":345,"column":61},"end":{"line":358,"column":8}}},"30":{"name":"(anonymous_34)","decl":{"start":{"line":367,"column":10},"end":{"line":367,"column":20}},"loc":{"start":{"line":367,"column":46},"end":{"line":372,"column":3}}},"31":{"name":"(anonymous_35)","decl":{"start":{"line":374,"column":10},"end":{"line":374,"column":15}},"loc":{"start":{"line":374,"column":61},"end":{"line":382,"column":3}}},"32":{"name":"(anonymous_36)","decl":{"start":{"line":384,"column":10},"end":{"line":384,"column":15}},"loc":{"start":{"line":384,"column":68},"end":{"line":395,"column":3}}}},"branchMap":{"0":{"loc":{"start":{"line":43,"column":37},"end":{"line":43,"column":60}},"type":"default-arg","locations":[{"start":{"line":43,"column":58},"end":{"line":43,"column":60}}]},"1":{"loc":{"start":{"line":45,"column":18},"end":{"line":45,"column":30}},"type":"binary-expr","locations":[{"start":{"line":45,"column":18},"end":{"line":45,"column":24}},{"start":{"line":45,"column":28},"end":{"line":45,"column":30}}]},"2":{"loc":{"start":{"line":51,"column":29},"end":{"line":51,"column":43}},"type":"binary-expr","locations":[{"start":{"line":51,"column":29},"end":{"line":51,"column":38}},{"start":{"line":51,"column":42},"end":{"line":51,"column":43}}]},"3":{"loc":{"start":{"line":52,"column":50},"end":{"line":52,"column":66}},"type":"binary-expr","locations":[{"start":{"line":52,"column":50},"end":{"line":52,"column":60}},{"start":{"line":52,"column":64},"end":{"line":52,"column":66}}]},"4":{"loc":{"start":{"line":54,"column":40},"end":{"line":54,"column":72}},"type":"binary-expr","locations":[{"start":{"line":54,"column":40},"end":{"line":54,"column":59}},{"start":{"line":54,"column":63},"end":{"line":54,"column":72}}]},"5":{"loc":{"start":{"line":59,"column":4},"end":{"line":61,"column":5}},"type":"if","locations":[{"start":{"line":59,"column":4},"end":{"line":61,"column":5}},{"start":{},"end":{}}]},"6":{"loc":{"start":{"line":63,"column":4},"end":{"line":65,"column":5}},"type":"if","locations":[{"start":{"line":63,"column":4},"end":{"line":65,"column":5}},{"start":{},"end":{}}]},"7":{"loc":{"start":{"line":66,"column":66},"end":{"line":66,"column":99}},"type":"binary-expr","locations":[{"start":{"line":66,"column":66},"end":{"line":66,"column":93}},{"start":{"line":66,"column":97},"end":{"line":66,"column":99}}]},"8":{"loc":{"start":{"line":71,"column":4},"end":{"line":73,"column":5}},"type":"if","locations":[{"start":{"line":71,"column":4},"end":{"line":73,"column":5}},{"start":{},"end":{}}]},"9":{"loc":{"start":{"line":78,"column":4},"end":{"line":80,"column":5}},"type":"if","locations":[{"start":{"line":78,"column":4},"end":{"line":80,"column":5}},{"start":{},"end":{}}]},"10":{"loc":{"start":{"line":87,"column":4},"end":{"line":90,"column":5}},"type":"if","locations":[{"start":{"line":87,"column":4},"end":{"line":90,"column":5}},{"start":{},"end":{}}]},"11":{"loc":{"start":{"line":109,"column":4},"end":{"line":111,"column":5}},"type":"if","locations":[{"start":{"line":109,"column":4},"end":{"line":111,"column":5}},{"start":{},"end":{}}]},"12":{"loc":{"start":{"line":112,"column":4},"end":{"line":122,"column":5}},"type":"if","locations":[{"start":{"line":112,"column":4},"end":{"line":122,"column":5}},{"start":{},"end":{}}]},"13":{"loc":{"start":{"line":114,"column":6},"end":{"line":116,"column":7}},"type":"if","locations":[{"start":{"line":114,"column":6},"end":{"line":116,"column":7}},{"start":{},"end":{}}]},"14":{"loc":{"start":{"line":118,"column":6},"end":{"line":120,"column":7}},"type":"if","locations":[{"start":{"line":118,"column":6},"end":{"line":120,"column":7}},{"start":{},"end":{}}]},"15":{"loc":{"start":{"line":123,"column":4},"end":{"line":125,"column":5}},"type":"if","locations":[{"start":{"line":123,"column":4},"end":{"line":125,"column":5}},{"start":{},"end":{}}]},"16":{"loc":{"start":{"line":124,"column":25},"end":{"line":124,"column":58}},"type":"binary-expr","locations":[{"start":{"line":124,"column":25},"end":{"line":124,"column":52}},{"start":{"line":124,"column":56},"end":{"line":124,"column":58}}]},"17":{"loc":{"start":{"line":126,"column":4},"end":{"line":131,"column":5}},"type":"if","locations":[{"start":{"line":126,"column":4},"end":{"line":131,"column":5}},{"start":{"line":129,"column":11},"end":{"line":131,"column":5}}]},"18":{"loc":{"start":{"line":129,"column":11},"end":{"line":131,"column":5}},"type":"if","locations":[{"start":{"line":129,"column":11},"end":{"line":131,"column":5}},{"start":{},"end":{}}]},"19":{"loc":{"start":{"line":138,"column":4},"end":{"line":140,"column":5}},"type":"if","locations":[{"start":{"line":138,"column":4},"end":{"line":140,"column":5}},{"start":{},"end":{}}]},"20":{"loc":{"start":{"line":141,"column":4},"end":{"line":147,"column":5}},"type":"if","locations":[{"start":{"line":141,"column":4},"end":{"line":147,"column":5}},{"start":{},"end":{}}]},"21":{"loc":{"start":{"line":158,"column":4},"end":{"line":161,"column":5}},"type":"if","locations":[{"start":{"line":158,"column":4},"end":{"line":161,"column":5}},{"start":{},"end":{}}]},"22":{"loc":{"start":{"line":180,"column":4},"end":{"line":186,"column":5}},"type":"if","locations":[{"start":{"line":180,"column":4},"end":{"line":186,"column":5}},{"start":{},"end":{}}]},"23":{"loc":{"start":{"line":188,"column":4},"end":{"line":190,"column":5}},"type":"if","locations":[{"start":{"line":188,"column":4},"end":{"line":190,"column":5}},{"start":{},"end":{}}]},"24":{"loc":{"start":{"line":192,"column":4},"end":{"line":194,"column":5}},"type":"if","locations":[{"start":{"line":192,"column":4},"end":{"line":194,"column":5}},{"start":{},"end":{}}]},"25":{"loc":{"start":{"line":206,"column":4},"end":{"line":208,"column":5}},"type":"if","locations":[{"start":{"line":206,"column":4},"end":{"line":208,"column":5}},{"start":{},"end":{}}]},"26":{"loc":{"start":{"line":210,"column":4},"end":{"line":212,"column":5}},"type":"if","locations":[{"start":{"line":210,"column":4},"end":{"line":212,"column":5}},{"start":{},"end":{}}]},"27":{"loc":{"start":{"line":220,"column":4},"end":{"line":222,"column":5}},"type":"if","locations":[{"start":{"line":220,"column":4},"end":{"line":222,"column":5}},{"start":{},"end":{}}]},"28":{"loc":{"start":{"line":220,"column":8},"end":{"line":220,"column":63}},"type":"binary-expr","locations":[{"start":{"line":220,"column":8},"end":{"line":220,"column":15}},{"start":{"line":220,"column":19},"end":{"line":220,"column":45}},{"start":{"line":220,"column":49},"end":{"line":220,"column":63}}]},"29":{"loc":{"start":{"line":224,"column":4},"end":{"line":229,"column":5}},"type":"if","locations":[{"start":{"line":224,"column":4},"end":{"line":229,"column":5}},{"start":{},"end":{}}]},"30":{"loc":{"start":{"line":226,"column":6},"end":{"line":228,"column":7}},"type":"if","locations":[{"start":{"line":226,"column":6},"end":{"line":228,"column":7}},{"start":{},"end":{}}]},"31":{"loc":{"start":{"line":231,"column":4},"end":{"line":233,"column":5}},"type":"if","locations":[{"start":{"line":231,"column":4},"end":{"line":233,"column":5}},{"start":{},"end":{}}]},"32":{"loc":{"start":{"line":246,"column":4},"end":{"line":248,"column":5}},"type":"if","locations":[{"start":{"line":246,"column":4},"end":{"line":248,"column":5}},{"start":{},"end":{}}]},"33":{"loc":{"start":{"line":250,"column":4},"end":{"line":252,"column":5}},"type":"if","locations":[{"start":{"line":250,"column":4},"end":{"line":252,"column":5}},{"start":{},"end":{}}]},"34":{"loc":{"start":{"line":274,"column":22},"end":{"line":274,"column":41}},"type":"binary-expr","locations":[{"start":{"line":274,"column":22},"end":{"line":274,"column":35}},{"start":{"line":274,"column":39},"end":{"line":274,"column":41}}]},"35":{"loc":{"start":{"line":276,"column":19},"end":{"line":278,"column":33}},"type":"cond-expr","locations":[{"start":{"line":277,"column":13},"end":{"line":277,"column":46}},{"start":{"line":278,"column":13},"end":{"line":278,"column":33}}]},"36":{"loc":{"start":{"line":276,"column":19},"end":{"line":276,"column":71}},"type":"binary-expr","locations":[{"start":{"line":276,"column":19},"end":{"line":276,"column":20}},{"start":{"line":276,"column":24},"end":{"line":276,"column":45}},{"start":{"line":276,"column":49},"end":{"line":276,"column":71}}]},"37":{"loc":{"start":{"line":282,"column":4},"end":{"line":282,"column":44}},"type":"if","locations":[{"start":{"line":282,"column":4},"end":{"line":282,"column":44}},{"start":{},"end":{}}]},"38":{"loc":{"start":{"line":290,"column":4},"end":{"line":292,"column":5}},"type":"if","locations":[{"start":{"line":290,"column":4},"end":{"line":292,"column":5}},{"start":{},"end":{}}]},"39":{"loc":{"start":{"line":294,"column":4},"end":{"line":296,"column":5}},"type":"if","locations":[{"start":{"line":294,"column":4},"end":{"line":296,"column":5}},{"start":{},"end":{}}]},"40":{"loc":{"start":{"line":310,"column":28},"end":{"line":310,"column":64}},"type":"default-arg","locations":[{"start":{"line":310,"column":62},"end":{"line":310,"column":64}}]},"41":{"loc":{"start":{"line":315,"column":4},"end":{"line":321,"column":5}},"type":"if","locations":[{"start":{"line":315,"column":4},"end":{"line":321,"column":5}},{"start":{},"end":{}}]},"42":{"loc":{"start":{"line":323,"column":4},"end":{"line":329,"column":5}},"type":"if","locations":[{"start":{"line":323,"column":4},"end":{"line":329,"column":5}},{"start":{},"end":{}}]},"43":{"loc":{"start":{"line":330,"column":48},"end":{"line":330,"column":72}},"type":"binary-expr","locations":[{"start":{"line":330,"column":48},"end":{"line":330,"column":65}},{"start":{"line":330,"column":69},"end":{"line":330,"column":72}}]},"44":{"loc":{"start":{"line":337,"column":23},"end":{"line":337,"column":84}},"type":"cond-expr","locations":[{"start":{"line":337,"column":48},"end":{"line":337,"column":79}},{"start":{"line":337,"column":82},"end":{"line":337,"column":84}}]},"45":{"loc":{"start":{"line":339,"column":14},"end":{"line":339,"column":64}},"type":"cond-expr","locations":[{"start":{"line":339,"column":32},"end":{"line":339,"column":59}},{"start":{"line":339,"column":62},"end":{"line":339,"column":64}}]},"46":{"loc":{"start":{"line":344,"column":6},"end":{"line":344,"column":36}},"type":"if","locations":[{"start":{"line":344,"column":6},"end":{"line":344,"column":36}},{"start":{},"end":{}}]},"47":{"loc":{"start":{"line":360,"column":20},"end":{"line":360,"column":45}},"type":"binary-expr","locations":[{"start":{"line":360,"column":20},"end":{"line":360,"column":40}},{"start":{"line":360,"column":44},"end":{"line":360,"column":45}}]},"48":{"loc":{"start":{"line":368,"column":4},"end":{"line":371,"column":5}},"type":"if","locations":[{"start":{"line":368,"column":4},"end":{"line":371,"column":5}},{"start":{},"end":{}}]},"49":{"loc":{"start":{"line":376,"column":4},"end":{"line":376,"column":24}},"type":"if","locations":[{"start":{"line":376,"column":4},"end":{"line":376,"column":24}},{"start":{},"end":{}}]},"50":{"loc":{"start":{"line":386,"column":4},"end":{"line":386,"column":24}},"type":"if","locations":[{"start":{"line":386,"column":4},"end":{"line":386,"column":24}},{"start":{},"end":{}}]},"51":{"loc":{"start":{"line":39,"column":47},"end":{"line":39,"column":66}},"type":"cond-expr","locations":[{"start":{"line":39,"column":52},"end":{"line":39,"column":66}},{"start":{"line":39,"column":52},"end":{"line":39,"column":66}}]},"52":{"loc":{"start":{"line":39,"column":47},"end":{"line":39,"column":52}},"type":"binary-expr","locations":[{"start":{"line":39,"column":47},"end":{"line":39,"column":66}},{"start":{"line":39,"column":47},"end":{"line":39,"column":52}}]},"53":{"loc":{"start":{"line":39,"column":52},"end":{"line":40,"column":84}},"type":"cond-expr","locations":[{"start":{"line":40,"column":64},"end":{"line":40,"column":84}},{"start":{"line":40,"column":64},"end":{"line":40,"column":84}}]},"54":{"loc":{"start":{"line":39,"column":52},"end":{"line":40,"column":64}},"type":"binary-expr","locations":[{"start":{"line":39,"column":52},"end":{"line":40,"column":84}},{"start":{"line":40,"column":59},"end":{"line":40,"column":64}}]},"55":{"loc":{"start":{"line":40,"column":64},"end":{"line":41,"column":78}},"type":"cond-expr","locations":[{"start":{"line":41,"column":60},"end":{"line":41,"column":78}},{"start":{"line":41,"column":60},"end":{"line":41,"column":78}}]},"56":{"loc":{"start":{"line":40,"column":64},"end":{"line":41,"column":60}},"type":"binary-expr","locations":[{"start":{"line":40,"column":64},"end":{"line":41,"column":78}},{"start":{"line":41,"column":55},"end":{"line":41,"column":60}}]},"57":{"loc":{"start":{"line":41,"column":60},"end":{"line":42,"column":87}},"type":"cond-expr","locations":[{"start":{"line":42,"column":62},"end":{"line":42,"column":87}},{"start":{"line":42,"column":62},"end":{"line":42,"column":87}}]},"58":{"loc":{"start":{"line":41,"column":60},"end":{"line":42,"column":62}},"type":"binary-expr","locations":[{"start":{"line":41,"column":60},"end":{"line":42,"column":87}},{"start":{"line":42,"column":57},"end":{"line":42,"column":62}}]}},"s":{"0":1,"1":1,"2":1,"3":1,"4":1,"5":1,"6":1,"7":1,"8":1,"9":1,"10":1,"11":1,"12":1,"13":1,"14":41,"15":41,"16":41,"17":41,"18":41,"19":41,"20":4,"21":4,"22":4,"23":4,"24":3,"25":3,"26":1,"27":2,"28":2,"29":1,"30":1,"31":1,"32":5,"33":1,"34":4,"35":4,"36":1,"37":3,"38":2,"39":2,"40":2,"41":1,"42":1,"43":2,"44":2,"45":2,"46":2,"47":1,"48":1,"49":1,"50":1,"51":0,"52":1,"53":1,"54":0,"55":1,"56":1,"57":1,"58":1,"59":0,"60":0,"61":1,"62":0,"63":1,"64":1,"65":2,"66":2,"67":0,"68":2,"69":1,"70":1,"71":1,"72":1,"73":0,"74":2,"75":2,"76":2,"77":1,"78":1,"79":2,"80":2,"81":5,"82":4,"83":1,"84":3,"85":3,"86":1,"87":2,"88":2,"89":1,"90":1,"91":1,"92":0,"93":1,"94":3,"95":3,"96":1,"97":2,"98":2,"99":1,"100":1,"101":1,"102":1,"103":0,"104":4,"105":1,"106":3,"107":3,"108":1,"109":1,"110":1,"111":2,"112":2,"113":1,"114":1,"115":1,"116":0,"117":3,"118":3,"119":1,"120":2,"121":2,"122":1,"123":1,"124":0,"125":4,"126":4,"127":2,"128":2,"129":4,"130":3,"131":3,"132":3,"133":1,"134":1,"135":1,"136":3,"137":2,"138":1,"139":1,"140":1,"141":1,"142":3,"143":1,"144":2,"145":2,"146":1,"147":1,"148":1,"149":2,"150":2,"151":1,"152":1,"153":0,"154":0,"155":0,"156":0,"157":0,"158":0,"159":0,"160":0,"161":0,"162":0,"163":0,"164":0,"165":0,"166":0,"167":0,"168":0,"169":0,"170":0,"171":0,"172":0,"173":0,"174":0,"175":0,"176":0,"177":2,"178":2,"179":2,"180":0,"181":0,"182":3,"183":3,"184":3,"185":0,"186":0,"187":0,"188":0,"189":1,"190":1},"f":{"0":41,"1":4,"2":3,"3":5,"4":2,"5":2,"6":2,"7":0,"8":2,"9":5,"10":4,"11":0,"12":3,"13":1,"14":0,"15":4,"16":0,"17":3,"18":0,"19":4,"20":2,"21":2,"22":3,"23":1,"24":3,"25":2,"26":2,"27":1,"28":0,"29":0,"30":0,"31":2,"32":3},"b":{"0":[0],"1":[41,0],"2":[4,0],"3":[4,0],"4":[4,2],"5":[1,2],"6":[1,1],"7":[1,0],"8":[1,4],"9":[1,3],"10":[1,1],"11":[1,1],"12":[1,0],"13":[0,1],"14":[0,1],"15":[1,0],"16":[1,0],"17":[0,1],"18":[0,1],"19":[0,2],"20":[1,1],"21":[1,1],"22":[1,3],"23":[1,2],"24":[1,1],"25":[1,2],"26":[1,1],"27":[1,3],"28":[4,4,4],"29":[1,2],"30":[1,0],"31":[1,1],"32":[1,2],"33":[1,1],"34":[1,0],"35":[1,0],"36":[1,1,1],"37":[2,1],"38":[1,2],"39":[1,1],"40":[1],"41":[1,0],"42":[0,0],"43":[0,0],"44":[0,0],"45":[0,0],"46":[0,0],"47":[0,0],"48":[0,0],"49":[2,0],"50":[3,0],"51":[1,0],"52":[1,1],"53":[1,0],"54":[1,1],"55":[1,0],"56":[1,1],"57":[1,0],"58":[1,1]}}
,"/Users/growlt296/AIDD-todo-app/backend/src/rbac/errors/rbac.exception.ts": {"path":"/Users/growlt296/AIDD-todo-app/backend/src/rbac/errors/rbac.exception.ts","statementMap":{"0":{"start":{"line":1,"column":0},"end":{"line":1,"column":59}},"1":{"start":{"line":3,"column":13},"end":{"line":12,"column":11}},"2":{"start":{"line":29,"column":4},"end":{"line":32,"column":6}},"3":{"start":{"line":36,"column":16},"end":{"line":36,"column":67}},"4":{"start":{"line":37,"column":4},"end":{"line":37,"column":48}},"5":{"start":{"line":41,"column":16},"end":{"line":41,"column":80}},"6":{"start":{"line":42,"column":4},"end":{"line":42,"column":31}},"7":{"start":{"line":22,"column":0},"end":{"line":22,"column":13}}},"fnMap":{"0":{"name":"(anonymous_0)","decl":{"start":{"line":23,"column":2},"end":{"line":23,"column":null}},"loc":{"start":{"line":27,"column":37},"end":{"line":33,"column":3}}},"1":{"name":"(anonymous_1)","decl":{"start":{"line":35,"column":2},"end":{"line":35,"column":9}},"loc":{"start":{"line":35,"column":9},"end":{"line":38,"column":3}}},"2":{"name":"(anonymous_2)","decl":{"start":{"line":40,"column":2},"end":{"line":40,"column":12}},"loc":{"start":{"line":40,"column":12},"end":{"line":43,"column":3}}}},"branchMap":{"0":{"loc":{"start":{"line":30,"column":36},"end":{"line":30,"column":62}},"type":"cond-expr","locations":[{"start":{"line":30,"column":46},"end":{"line":30,"column":57}},{"start":{"line":30,"column":60},"end":{"line":30,"column":62}}]},"1":{"loc":{"start":{"line":37,"column":11},"end":{"line":37,"column":47}},"type":"binary-expr","locations":[{"start":{"line":37,"column":11},"end":{"line":37,"column":27}},{"start":{"line":37,"column":31},"end":{"line":37,"column":47}}]}},"s":{"0":3,"1":3,"2":30,"3":0,"4":0,"5":1,"6":1,"7":3},"f":{"0":30,"1":0,"2":1},"b":{"0":[2,28],"1":[0,0]}}
,"/Users/growlt296/AIDD-todo-app/backend/src/rbac/guards/permissions-attachment.guard.ts": {"path":"/Users/growlt296/AIDD-todo-app/backend/src/rbac/guards/permissions-attachment.guard.ts","statementMap":{"0":{"start":{"line":1,"column":0},"end":{"line":1,"column":null}},"1":{"start":{"line":9,"column":0},"end":{"line":9,"column":57}},"2":{"start":{"line":10,"column":0},"end":{"line":10,"column":60}},"3":{"start":{"line":11,"column":0},"end":{"line":11,"column":44}},"4":{"start":{"line":12,"column":0},"end":{"line":12,"column":55}},"5":{"start":{"line":29,"column":39},"end":{"line":59,"column":null}},"6":{"start":{"line":30,"column":28},"end":{"line":30,"column":71}},"7":{"start":{"line":33,"column":54},"end":{"line":33,"column":90}},"8":{"start":{"line":37,"column":20},"end":{"line":37,"column":96}},"9":{"start":{"line":38,"column":17},"end":{"line":38,"column":29}},"10":{"start":{"line":39,"column":4},"end":{"line":45,"column":5}},"11":{"start":{"line":40,"column":6},"end":{"line":44,"column":8}},"12":{"start":{"line":46,"column":4},"end":{"line":57,"column":5}},"13":{"start":{"line":47,"column":26},"end":{"line":47,"column":67}},"14":{"start":{"line":48,"column":6},"end":{"line":48,"column":40}},"15":{"start":{"line":49,"column":6},"end":{"line":49,"column":18}},"16":{"start":{"line":51,"column":6},"end":{"line":51,"column":60}},"17":{"start":{"line":52,"column":6},"end":{"line":56,"column":8}},"18":{"start":{"line":29,"column":13},"end":{"line":29,"column":39}},"19":{"start":{"line":29,"column":13},"end":{"line":59,"column":null}}},"fnMap":{"0":{"name":"(anonymous_4)","decl":{"start":{"line":32,"column":2},"end":{"line":32,"column":null}},"loc":{"start":{"line":33,"column":90},"end":{"line":34,"column":6}}},"1":{"name":"(anonymous_5)","decl":{"start":{"line":36,"column":2},"end":{"line":36,"column":7}},"loc":{"start":{"line":36,"column":45},"end":{"line":58,"column":3}}}},"branchMap":{"0":{"loc":{"start":{"line":39,"column":4},"end":{"line":45,"column":5}},"type":"if","locations":[{"start":{"line":39,"column":4},"end":{"line":45,"column":5}},{"start":{},"end":{}}]}},"s":{"0":1,"1":1,"2":1,"3":1,"4":1,"5":1,"6":4,"7":4,"8":5,"9":5,"10":5,"11":2,"12":3,"13":3,"14":1,"15":1,"16":2,"17":2,"18":1,"19":1},"f":{"0":4,"1":5},"b":{"0":[2,3]}}
,"/Users/growlt296/AIDD-todo-app/backend/src/rbac/guards/require-permission.guard.ts": {"path":"/Users/growlt296/AIDD-todo-app/backend/src/rbac/guards/require-permission.guard.ts","statementMap":{"0":{"start":{"line":1,"column":0},"end":{"line":1,"column":null}},"1":{"start":{"line":6,"column":0},"end":{"line":6,"column":41}},"2":{"start":{"line":8,"column":0},"end":{"line":8,"column":57}},"3":{"start":{"line":9,"column":0},"end":{"line":9,"column":60}},"4":{"start":{"line":10,"column":0},"end":{"line":10,"column":44}},"5":{"start":{"line":11,"column":0},"end":{"line":11,"column":84}},"6":{"start":{"line":12,"column":0},"end":{"line":12,"column":62}},"7":{"start":{"line":19,"column":7},"end":{"line":54,"column":null}},"8":{"start":{"line":20,"column":22},"end":{"line":20,"column":33}},"9":{"start":{"line":23,"column":20},"end":{"line":23,"column":120}},"10":{"start":{"line":24,"column":17},"end":{"line":24,"column":29}},"11":{"start":{"line":25,"column":4},"end":{"line":31,"column":5}},"12":{"start":{"line":26,"column":6},"end":{"line":30,"column":8}},"13":{"start":{"line":32,"column":24},"end":{"line":32,"column":43}},"14":{"start":{"line":33,"column":4},"end":{"line":39,"column":5}},"15":{"start":{"line":34,"column":6},"end":{"line":38,"column":8}},"16":{"start":{"line":40,"column":21},"end":{"line":40,"column":93}},"17":{"start":{"line":41,"column":4},"end":{"line":43,"column":5}},"18":{"start":{"line":42,"column":6},"end":{"line":42,"column":18}},"19":{"start":{"line":44,"column":4},"end":{"line":51,"column":5}},"20":{"start":{"line":45,"column":6},"end":{"line":50,"column":8}},"21":{"start":{"line":52,"column":4},"end":{"line":52,"column":16}},"22":{"start":{"line":19,"column":13},"end":{"line":19,"column":35}},"23":{"start":{"line":19,"column":13},"end":{"line":54,"column":null}}},"fnMap":{"0":{"name":"(anonymous_2)","decl":{"start":{"line":20,"column":2},"end":{"line":20,"column":22}},"loc":{"start":{"line":20,"column":42},"end":{"line":20,"column":46}}},"1":{"name":"(anonymous_3)","decl":{"start":{"line":22,"column":2},"end":{"line":22,"column":13}},"loc":{"start":{"line":22,"column":39},"end":{"line":53,"column":3}}}},"branchMap":{"0":{"loc":{"start":{"line":25,"column":4},"end":{"line":31,"column":5}},"type":"if","locations":[{"start":{"line":25,"column":4},"end":{"line":31,"column":5}},{"start":{},"end":{}}]},"1":{"loc":{"start":{"line":33,"column":4},"end":{"line":39,"column":5}},"type":"if","locations":[{"start":{"line":33,"column":4},"end":{"line":39,"column":5}},{"start":{},"end":{}}]},"2":{"loc":{"start":{"line":41,"column":4},"end":{"line":43,"column":5}},"type":"if","locations":[{"start":{"line":41,"column":4},"end":{"line":43,"column":5}},{"start":{},"end":{}}]},"3":{"loc":{"start":{"line":44,"column":4},"end":{"line":51,"column":5}},"type":"if","locations":[{"start":{"line":44,"column":4},"end":{"line":51,"column":5}},{"start":{},"end":{}}]},"4":{"loc":{"start":{"line":20,"column":33},"end":{"line":20,"column":45}},"type":"cond-expr","locations":[{"start":{"line":20,"column":42},"end":{"line":20,"column":45}},{"start":{"line":20,"column":42},"end":{"line":20,"column":45}}]},"5":{"loc":{"start":{"line":20,"column":33},"end":{"line":20,"column":42}},"type":"binary-expr","locations":[{"start":{"line":20,"column":33},"end":{"line":20,"column":45}},{"start":{"line":20,"column":33},"end":{"line":20,"column":42}}]}},"s":{"0":1,"1":1,"2":1,"3":1,"4":1,"5":1,"6":1,"7":1,"8":8,"9":11,"10":11,"11":11,"12":3,"13":8,"14":8,"15":2,"16":6,"17":6,"18":1,"19":5,"20":2,"21":3,"22":1,"23":1},"f":{"0":8,"1":11},"b":{"0":[3,8],"1":[2,6],"2":[1,5],"3":[2,3],"4":[1,0],"5":[1,1]}}
,"/Users/growlt296/AIDD-todo-app/backend/src/rbac/schemas/permission.schema.ts": {"path":"/Users/growlt296/AIDD-todo-app/backend/src/rbac/schemas/permission.schema.ts","statementMap":{"0":{"start":{"line":1,"column":0},"end":{"line":1,"column":63}},"1":{"start":{"line":7,"column":2},"end":{"line":7,"column":67}},"2":{"start":{"line":13,"column":7},"end":{"line":19,"column":null}},"3":{"start":{"line":13,"column":13},"end":{"line":13,"column":23}},"4":{"start":{"line":15,"column":2},"end":{"line":15,"column":null}},"5":{"start":{"line":18,"column":2},"end":{"line":18,"column":null}},"6":{"start":{"line":13,"column":13},"end":{"line":19,"column":null}},"7":{"start":{"line":21,"column":13},"end":{"line":21,"column":73}}},"fnMap":{},"branchMap":{},"s":{"0":1,"1":1,"2":1,"3":1,"4":1,"5":1,"6":1,"7":1},"f":{},"b":{}}
,"/Users/growlt296/AIDD-todo-app/backend/src/rbac/schemas/role.schema.ts": {"path":"/Users/growlt296/AIDD-todo-app/backend/src/rbac/schemas/role.schema.ts","statementMap":{"0":{"start":{"line":1,"column":0},"end":{"line":1,"column":63}},"1":{"start":{"line":2,"column":0},"end":{"line":2,"column":43}},"2":{"start":{"line":11,"column":7},"end":{"line":23,"column":null}},"3":{"start":{"line":11,"column":13},"end":{"line":11,"column":17}},"4":{"start":{"line":13,"column":2},"end":{"line":13,"column":null}},"5":{"start":{"line":16,"column":2},"end":{"line":16,"column":null}},"6":{"start":{"line":19,"column":2},"end":{"line":19,"column":null}},"7":{"start":{"line":22,"column":2},"end":{"line":22,"column":null}},"8":{"start":{"line":11,"column":13},"end":{"line":23,"column":null}},"9":{"start":{"line":25,"column":13},"end":{"line":25,"column":61}},"10":{"start":{"line":27,"column":0},"end":{"line":27,"column":53}}},"fnMap":{},"branchMap":{},"s":{"0":1,"1":1,"2":1,"3":1,"4":1,"5":1,"6":1,"7":1,"8":1,"9":1,"10":1},"f":{},"b":{}}
,"/Users/growlt296/AIDD-todo-app/backend/src/rbac/schemas/user-role.schema.ts": {"path":"/Users/growlt296/AIDD-todo-app/backend/src/rbac/schemas/user-role.schema.ts","statementMap":{"0":{"start":{"line":1,"column":0},"end":{"line":1,"column":63}},"1":{"start":{"line":2,"column":0},"end":{"line":2,"column":43}},"2":{"start":{"line":11,"column":7},"end":{"line":20,"column":null}},"3":{"start":{"line":11,"column":13},"end":{"line":11,"column":21}},"4":{"start":{"line":13,"column":2},"end":{"line":13,"column":null}},"5":{"start":{"line":16,"column":2},"end":{"line":16,"column":null}},"6":{"start":{"line":19,"column":2},"end":{"line":19,"column":null}},"7":{"start":{"line":11,"column":13},"end":{"line":20,"column":null}},"8":{"start":{"line":22,"column":13},"end":{"line":22,"column":69}},"9":{"start":{"line":23,"column":0},"end":{"line":23,"column":65}},"10":{"start":{"line":24,"column":0},"end":{"line":24,"column":36}}},"fnMap":{},"branchMap":{"0":{"loc":{"start":{"line":16,"column":10},"end":{"line":16,"column":25}},"type":"cond-expr","locations":[{"start":{"line":16,"column":24},"end":{"line":16,"column":25}},{"start":{"line":16,"column":24},"end":{"line":16,"column":25}}]},"1":{"loc":{"start":{"line":16,"column":10},"end":{"line":16,"column":24}},"type":"binary-expr","locations":[{"start":{"line":16,"column":10},"end":{"line":16,"column":16}},{"start":{"line":16,"column":10},"end":{"line":16,"column":24}}]},"2":{"loc":{"start":{"line":19,"column":14},"end":{"line":19,"column":19}},"type":"cond-expr","locations":[{"start":{"line":19,"column":18},"end":{"line":19,"column":19}},{"start":{"line":19,"column":18},"end":{"line":19,"column":19}}]},"3":{"loc":{"start":{"line":19,"column":14},"end":{"line":19,"column":18}},"type":"binary-expr","locations":[{"start":{"line":19,"column":14},"end":{"line":19,"column":19}},{"start":{"line":19,"column":14},"end":{"line":19,"column":18}}]}},"s":{"0":1,"1":1,"2":1,"3":1,"4":1,"5":1,"6":1,"7":1,"8":1,"9":1,"10":1},"f":{},"b":{"0":[1,0],"1":[1,1],"2":[1,0],"3":[1,1]}}
,"/Users/growlt296/AIDD-todo-app/backend/src/rbac/utils/regex-escape.ts": {"path":"/Users/growlt296/AIDD-todo-app/backend/src/rbac/utils/regex-escape.ts","statementMap":{"0":{"start":{"line":5,"column":0},"end":{"line":5,"column":16}},"1":{"start":{"line":6,"column":2},"end":{"line":6,"column":60}},"2":{"start":{"line":6,"column":50},"end":{"line":6,"column":60}},"3":{"start":{"line":7,"column":2},"end":{"line":7,"column":54}}},"fnMap":{"0":{"name":"escapeForRegex","decl":{"start":{"line":5,"column":16},"end":{"line":5,"column":30}},"loc":{"start":{"line":5,"column":63},"end":{"line":8,"column":1}}}},"branchMap":{"0":{"loc":{"start":{"line":6,"column":2},"end":{"line":6,"column":60}},"type":"if","locations":[{"start":{"line":6,"column":2},"end":{"line":6,"column":60}},{"start":{},"end":{}}]},"1":{"loc":{"start":{"line":6,"column":6},"end":{"line":6,"column":48}},"type":"binary-expr","locations":[{"start":{"line":6,"column":6},"end":{"line":6,"column":19}},{"start":{"line":6,"column":23},"end":{"line":6,"column":48}}]}},"s":{"0":2,"1":12,"2":2,"3":10},"f":{"0":12},"b":{"0":[2,10],"1":[12,10]}}
,"/Users/growlt296/AIDD-todo-app/backend/src/rbac/utils/wildcard.matcher.ts": {"path":"/Users/growlt296/AIDD-todo-app/backend/src/rbac/utils/wildcard.matcher.ts","statementMap":{"0":{"start":{"line":5,"column":0},"end":{"line":5,"column":16}},"1":{"start":{"line":6,"column":2},"end":{"line":6,"column":52}},"2":{"start":{"line":6,"column":39},"end":{"line":6,"column":52}},"3":{"start":{"line":7,"column":2},"end":{"line":7,"column":51}},"4":{"start":{"line":7,"column":39},"end":{"line":7,"column":51}},"5":{"start":{"line":8,"column":2},"end":{"line":8,"column":54}},"6":{"start":{"line":8,"column":42},"end":{"line":8,"column":54}},"7":{"start":{"line":9,"column":19},"end":{"line":9,"column":38}},"8":{"start":{"line":10,"column":2},"end":{"line":10,"column":69}},"9":{"start":{"line":10,"column":57},"end":{"line":10,"column":69}},"10":{"start":{"line":11,"column":2},"end":{"line":11,"column":15}}},"fnMap":{"0":{"name":"matchesPermission","decl":{"start":{"line":5,"column":16},"end":{"line":5,"column":33}},"loc":{"start":{"line":5,"column":77},"end":{"line":12,"column":1}}}},"branchMap":{"0":{"loc":{"start":{"line":6,"column":2},"end":{"line":6,"column":52}},"type":"if","locations":[{"start":{"line":6,"column":2},"end":{"line":6,"column":52}},{"start":{},"end":{}}]},"1":{"loc":{"start":{"line":7,"column":2},"end":{"line":7,"column":51}},"type":"if","locations":[{"start":{"line":7,"column":2},"end":{"line":7,"column":51}},{"start":{},"end":{}}]},"2":{"loc":{"start":{"line":8,"column":2},"end":{"line":8,"column":54}},"type":"if","locations":[{"start":{"line":8,"column":2},"end":{"line":8,"column":54}},{"start":{},"end":{}}]},"3":{"loc":{"start":{"line":10,"column":2},"end":{"line":10,"column":69}},"type":"if","locations":[{"start":{"line":10,"column":2},"end":{"line":10,"column":69}},{"start":{},"end":{}}]},"4":{"loc":{"start":{"line":10,"column":6},"end":{"line":10,"column":55}},"type":"binary-expr","locations":[{"start":{"line":10,"column":6},"end":{"line":10,"column":12}},{"start":{"line":10,"column":16},"end":{"line":10,"column":55}}]}},"s":{"0":2,"1":24,"2":2,"3":22,"4":5,"5":17,"6":3,"7":14,"8":14,"9":5,"10":9},"f":{"0":24},"b":{"0":[2,22],"1":[5,17],"2":[3,14],"3":[5,9],"4":[14,14]}}
}
