TN:
SF:src/rbac/rbac.registry.ts
FN:43,getAllPermissionCodes
FN:76,getAllPermissionCodesWithWildcards
FN:83,isValidPermissionCode
FNF:3
FNH:3
FNDA:8,getAllPermissionCodes
FNDA:3,getAllPermissionCodesWithWildcards
FNDA:20,isValidPermissionCode
DA:8,2
DA:11,2
DA:43,2
DA:44,8
DA:76,2
DA:77,3
DA:83,2
DA:84,20
LF:8
LH:8
BRDA:84,0,0,20
BRDA:84,0,1,17
BRF:2
BRH:2
end_of_record
TN:
SF:src/rbac/rbac.service.ts
FN:38,(anonymous_4)
FN:50,(anonymous_5)
FN:57,(anonymous_6)
FN:70,(anonymous_7)
FN:84,(anonymous_8)
FN:104,(anonymous_9)
FN:136,(anonymous_10)
FN:150,(anonymous_11)
FN:155,(anonymous_12)
FN:175,(anonymous_13)
FN:179,(anonymous_14)
FN:198,(anonymous_15)
FN:204,(anonymous_16)
FN:210,(anonymous_17)
FN:214,(anonymous_18)
FN:219,(anonymous_19)
FN:239,(anonymous_20)
FN:244,(anonymous_21)
FN:253,(anonymous_22)
FN:258,(anonymous_23)
FN:265,(anonymous_24)
FN:266,(anonymous_25)
FN:270,(anonymous_26)
FN:284,(anonymous_27)
FN:289,(anonymous_28)
FN:298,(anonymous_29)
FN:302,(anonymous_30)
FN:310,(anonymous_31)
FN:335,(anonymous_32)
FN:345,(anonymous_33)
FN:367,(anonymous_34)
FN:374,(anonymous_35)
FN:384,(anonymous_36)
FNF:33
FNH:25
FNDA:41,(anonymous_4)
FNDA:4,(anonymous_5)
FNDA:3,(anonymous_6)
FNDA:5,(anonymous_7)
FNDA:2,(anonymous_8)
FNDA:2,(anonymous_9)
FNDA:2,(anonymous_10)
FNDA:0,(anonymous_11)
FNDA:2,(anonymous_12)
FNDA:5,(anonymous_13)
FNDA:4,(anonymous_14)
FNDA:0,(anonymous_15)
FNDA:3,(anonymous_16)
FNDA:1,(anonymous_17)
FNDA:0,(anonymous_18)
FNDA:4,(anonymous_19)
FNDA:0,(anonymous_20)
FNDA:3,(anonymous_21)
FNDA:0,(anonymous_22)
FNDA:4,(anonymous_23)
FNDA:2,(anonymous_24)
FNDA:2,(anonymous_25)
FNDA:3,(anonymous_26)
FNDA:1,(anonymous_27)
FNDA:3,(anonymous_28)
FNDA:2,(anonymous_29)
FNDA:2,(anonymous_30)
FNDA:1,(anonymous_31)
FNDA:0,(anonymous_32)
FNDA:0,(anonymous_33)
FNDA:0,(anonymous_34)
FNDA:2,(anonymous_35)
FNDA:3,(anonymous_36)
DA:1,1
DA:2,1
DA:3,1
DA:4,1
DA:5,1
DA:6,1
DA:7,1
DA:8,1
DA:9,1
DA:10,1
DA:11,1
DA:32,1
DA:34,1
DA:37,1
DA:39,41
DA:40,41
DA:41,41
DA:42,41
DA:45,41
DA:47,41
DA:51,4
DA:52,4
DA:53,4
DA:54,4
DA:58,3
DA:59,3
DA:60,1
DA:62,2
DA:63,2
DA:64,1
DA:66,1
DA:67,1
DA:71,5
DA:72,1
DA:74,4
DA:78,4
DA:79,1
DA:81,3
DA:85,2
DA:86,2
DA:87,2
DA:88,1
DA:89,1
DA:91,2
DA:101,2
DA:108,2
DA:109,2
DA:110,1
DA:112,1
DA:113,1
DA:114,1
DA:115,0
DA:117,1
DA:118,1
DA:119,0
DA:121,1
DA:123,1
DA:124,1
DA:126,1
DA:127,0
DA:128,0
DA:129,1
DA:130,0
DA:132,1
DA:133,1
DA:137,2
DA:138,2
DA:139,0
DA:141,2
DA:142,1
DA:148,1
DA:149,1
DA:150,1
DA:151,0
DA:156,2
DA:157,2
DA:158,2
DA:159,1
DA:160,1
DA:162,2
DA:172,2
DA:176,5
DA:180,4
DA:181,1
DA:187,3
DA:188,3
DA:189,1
DA:191,2
DA:192,2
DA:193,1
DA:195,1
DA:198,1
DA:199,0
DA:201,1
DA:205,3
DA:206,3
DA:207,1
DA:209,2
DA:210,2
DA:211,1
DA:213,1
DA:214,1
DA:215,0
DA:220,4
DA:221,1
DA:223,3
DA:224,3
DA:225,1
DA:226,1
DA:227,1
DA:230,2
DA:231,2
DA:232,1
DA:234,1
DA:239,1
DA:240,0
DA:245,3
DA:246,3
DA:247,1
DA:249,2
DA:250,2
DA:251,1
DA:253,1
DA:254,0
DA:259,4
DA:264,4
DA:265,2
DA:266,2
DA:267,4
DA:271,3
DA:272,3
DA:273,3
DA:274,1
DA:276,1
DA:279,1
DA:282,3
DA:283,1
DA:284,1
DA:285,1
DA:290,3
DA:291,1
DA:293,2
DA:294,2
DA:295,1
DA:297,1
DA:298,2
DA:303,2
DA:315,1
DA:316,1
DA:322,0
DA:323,0
DA:324,0
DA:330,0
DA:331,0
DA:332,0
DA:333,0
DA:334,0
DA:335,0
DA:336,0
DA:337,0
DA:338,0
DA:344,0
DA:345,0
DA:359,0
DA:360,0
DA:361,0
DA:362,0
DA:364,0
DA:368,0
DA:370,0
DA:375,2
DA:376,2
DA:377,0
DA:378,0
DA:385,3
DA:386,3
DA:387,0
DA:388,0
DA:389,0
DA:390,0
LF:180
LH:142
BRDA:43,0,0,0
BRDA:45,1,0,41
BRDA:45,1,1,0
BRDA:51,2,0,4
BRDA:51,2,1,0
BRDA:52,3,0,4
BRDA:52,3,1,0
BRDA:54,4,0,4
BRDA:54,4,1,2
BRDA:59,5,0,1
BRDA:59,5,1,2
BRDA:63,6,0,1
BRDA:63,6,1,1
BRDA:66,7,0,1
BRDA:66,7,1,0
BRDA:71,8,0,1
BRDA:71,8,1,4
BRDA:78,9,0,1
BRDA:78,9,1,3
BRDA:87,10,0,1
BRDA:87,10,1,1
BRDA:109,11,0,1
BRDA:109,11,1,1
BRDA:112,12,0,1
BRDA:112,12,1,0
BRDA:114,13,0,0
BRDA:114,13,1,1
BRDA:118,14,0,0
BRDA:118,14,1,1
BRDA:123,15,0,1
BRDA:123,15,1,0
BRDA:124,16,0,1
BRDA:124,16,1,0
BRDA:126,17,0,0
BRDA:126,17,1,1
BRDA:129,18,0,0
BRDA:129,18,1,1
BRDA:138,19,0,0
BRDA:138,19,1,2
BRDA:141,20,0,1
BRDA:141,20,1,1
BRDA:158,21,0,1
BRDA:158,21,1,1
BRDA:180,22,0,1
BRDA:180,22,1,3
BRDA:188,23,0,1
BRDA:188,23,1,2
BRDA:192,24,0,1
BRDA:192,24,1,1
BRDA:206,25,0,1
BRDA:206,25,1,2
BRDA:210,26,0,1
BRDA:210,26,1,1
BRDA:220,27,0,1
BRDA:220,27,1,3
BRDA:220,28,0,4
BRDA:220,28,1,4
BRDA:220,28,2,4
BRDA:224,29,0,1
BRDA:224,29,1,2
BRDA:226,30,0,1
BRDA:226,30,1,0
BRDA:231,31,0,1
BRDA:231,31,1,1
BRDA:246,32,0,1
BRDA:246,32,1,2
BRDA:250,33,0,1
BRDA:250,33,1,1
BRDA:274,34,0,1
BRDA:274,34,1,0
BRDA:276,35,0,1
BRDA:276,35,1,0
BRDA:276,36,0,1
BRDA:276,36,1,1
BRDA:276,36,2,1
BRDA:282,37,0,2
BRDA:282,37,1,1
BRDA:290,38,0,1
BRDA:290,38,1,2
BRDA:294,39,0,1
BRDA:294,39,1,1
BRDA:310,40,0,1
BRDA:315,41,0,1
BRDA:315,41,1,0
BRDA:323,42,0,0
BRDA:323,42,1,0
BRDA:330,43,0,0
BRDA:330,43,1,0
BRDA:337,44,0,0
BRDA:337,44,1,0
BRDA:339,45,0,0
BRDA:339,45,1,0
BRDA:344,46,0,0
BRDA:344,46,1,0
BRDA:360,47,0,0
BRDA:360,47,1,0
BRDA:368,48,0,0
BRDA:368,48,1,0
BRDA:376,49,0,2
BRDA:376,49,1,0
BRDA:386,50,0,3
BRDA:386,50,1,0
BRDA:39,51,0,1
BRDA:39,51,1,0
BRDA:39,52,0,1
BRDA:39,52,1,1
BRDA:39,53,0,1
BRDA:39,53,1,0
BRDA:39,54,0,1
BRDA:39,54,1,1
BRDA:40,55,0,1
BRDA:40,55,1,0
BRDA:40,56,0,1
BRDA:40,56,1,1
BRDA:41,57,0,1
BRDA:41,57,1,0
BRDA:41,58,0,1
BRDA:41,58,1,1
BRF:118
BRH:81
end_of_record
TN:
SF:src/rbac/errors/rbac.exception.ts
FN:23,(anonymous_0)
FN:35,(anonymous_1)
FN:40,(anonymous_2)
FNF:3
FNH:2
FNDA:30,(anonymous_0)
FNDA:0,(anonymous_1)
FNDA:1,(anonymous_2)
DA:1,3
DA:3,3
DA:22,3
DA:29,30
DA:36,0
DA:37,0
DA:41,1
DA:42,1
LF:8
LH:6
BRDA:30,0,0,2
BRDA:30,0,1,28
BRDA:37,1,0,0
BRDA:37,1,1,0
BRF:4
BRH:2
end_of_record
TN:
SF:src/rbac/guards/permissions-attachment.guard.ts
FN:32,(anonymous_4)
FN:36,(anonymous_5)
FNF:2
FNH:2
FNDA:4,(anonymous_4)
FNDA:5,(anonymous_5)
DA:1,1
DA:9,1
DA:10,1
DA:11,1
DA:12,1
DA:29,1
DA:30,4
DA:33,4
DA:37,5
DA:38,5
DA:39,5
DA:40,2
DA:46,3
DA:47,3
DA:48,1
DA:49,1
DA:51,2
DA:52,2
LF:18
LH:18
BRDA:39,0,0,2
BRDA:39,0,1,3
BRF:2
BRH:2
end_of_record
TN:
SF:src/rbac/guards/require-permission.guard.ts
FN:20,(anonymous_2)
FN:22,(anonymous_3)
FNF:2
FNH:2
FNDA:8,(anonymous_2)
FNDA:11,(anonymous_3)
DA:1,1
DA:6,1
DA:8,1
DA:9,1
DA:10,1
DA:11,1
DA:12,1
DA:19,1
DA:20,8
DA:23,11
DA:24,11
DA:25,11
DA:26,3
DA:32,8
DA:33,8
DA:34,2
DA:40,6
DA:41,6
DA:42,1
DA:44,5
DA:45,2
DA:52,3
LF:22
LH:22
BRDA:25,0,0,3
BRDA:25,0,1,8
BRDA:33,1,0,2
BRDA:33,1,1,6
BRDA:41,2,0,1
BRDA:41,2,1,5
BRDA:44,3,0,2
BRDA:44,3,1,3
BRDA:20,4,0,1
BRDA:20,4,1,0
BRDA:20,5,0,1
BRDA:20,5,1,1
BRF:12
BRH:11
end_of_record
TN:
SF:src/rbac/schemas/permission.schema.ts
FNF:0
FNH:0
DA:1,1
DA:7,1
DA:13,1
DA:15,1
DA:18,1
DA:21,1
LF:6
LH:6
BRF:0
BRH:0
end_of_record
TN:
SF:src/rbac/schemas/role.schema.ts
FNF:0
FNH:0
DA:1,1
DA:2,1
DA:11,1
DA:13,1
DA:16,1
DA:19,1
DA:22,1
DA:25,1
DA:27,1
LF:9
LH:9
BRF:0
BRH:0
end_of_record
TN:
SF:src/rbac/schemas/user-role.schema.ts
FNF:0
FNH:0
DA:1,1
DA:2,1
DA:11,1
DA:13,1
DA:16,1
DA:19,1
DA:22,1
DA:23,1
DA:24,1
LF:9
LH:9
BRDA:16,0,0,1
BRDA:16,0,1,0
BRDA:16,1,0,1
BRDA:16,1,1,1
BRDA:19,2,0,1
BRDA:19,2,1,0
BRDA:19,3,0,1
BRDA:19,3,1,1
BRF:8
BRH:6
end_of_record
TN:
SF:src/rbac/utils/regex-escape.ts
FN:5,escapeForRegex
FNF:1
FNH:1
FNDA:12,escapeForRegex
DA:5,2
DA:6,12
DA:7,10
LF:3
LH:3
BRDA:6,0,0,2
BRDA:6,0,1,10
BRDA:6,1,0,12
BRDA:6,1,1,10
BRF:4
BRH:4
end_of_record
TN:
SF:src/rbac/utils/wildcard.matcher.ts
FN:5,matchesPermission
FNF:1
FNH:1
FNDA:24,matchesPermission
DA:5,2
DA:6,24
DA:7,22
DA:8,17
DA:9,14
DA:10,14
DA:11,9
LF:7
LH:7
BRDA:6,0,0,2
BRDA:6,0,1,22
BRDA:7,1,0,5
BRDA:7,1,1,17
BRDA:8,2,0,3
BRDA:8,2,1,14
BRDA:10,3,0,5
BRDA:10,3,1,9
BRDA:10,4,0,14
BRDA:10,4,1,14
BRF:10
BRH:10
end_of_record
